app/build/intermediates/manifest_merge_blame_file/release/manifest-merger-blame-release-report.txt
1<?xml version="1.0" encoding="utf-8"?>
2<manifest xmlns:android="http://schemas.android.com/apk/res/android"
3    package="com.lostsidedead.acidcam"
4    android:versionCode="1"
5    android:versionName="1.0" >
6
7    <uses-sdk
8        android:minSdkVersion="23"
8-->src/main/AndroidManifest.xml
9        android:targetSdkVersion="29" />
9-->src/main/AndroidManifest.xml
10
11    <uses-permission android:name="android.permission.CAMERA" />
11-->src/main/AndroidManifest.xml:25:1-60
11-->src/main/AndroidManifest.xml:25:18-58
12
13    <uses-feature
13-->src/main/AndroidManifest.xml:26:1-80
14        android:name="android.hardware.camera"
14-->src/main/AndroidManifest.xml:26:15-53
15        android:required="false" />
15-->src/main/AndroidManifest.xml:26:54-78
16    <uses-feature
16-->src/main/AndroidManifest.xml:27:1-90
17        android:name="android.hardware.camera.autofocus"
17-->src/main/AndroidManifest.xml:27:15-63
18        android:required="false" />
18-->src/main/AndroidManifest.xml:27:64-88
19    <uses-feature
19-->src/main/AndroidManifest.xml:28:1-86
20        android:name="android.hardware.camera.front"
20-->src/main/AndroidManifest.xml:28:15-59
21        android:required="false" />
21-->src/main/AndroidManifest.xml:28:60-84
22    <uses-feature
22-->src/main/AndroidManifest.xml:29:1-96
23        android:name="android.hardware.camera.front.autofocus"
23-->src/main/AndroidManifest.xml:29:15-69
24        android:required="false" />
24-->src/main/AndroidManifest.xml:29:70-94
25
26    <uses-permission android:name="android.permission.WRITE_EXTERNAL_STORAGE" />
26-->src/main/AndroidManifest.xml:30:1-77
26-->src/main/AndroidManifest.xml:30:18-74
27    <uses-permission android:name="android.permission.READ_EXTERNAL_STORAGE" />
27-->src/main/AndroidManifest.xml:31:1-76
27-->src/main/AndroidManifest.xml:31:18-73
28
29    <application
29-->src/main/AndroidManifest.xml:5:1-24:15
30        android:allowBackup="true"
30-->src/main/AndroidManifest.xml:6:5-31
31        android:appComponentFactory="androidx.core.app.CoreComponentFactory"
31-->[androidx.core:core:1.1.0] AndroidManifest.xml:24:18-86
32        android:icon="@drawable/ic_launcher"
32-->src/main/AndroidManifest.xml:7:5-41
33        android:label="Acid Cam Android"
33-->src/main/AndroidManifest.xml:8:5-37
34        android:supportsRtl="true" >
34-->src/main/AndroidManifest.xml:9:5-31
35        <activity
35-->src/main/AndroidManifest.xml:10:5-16:16
36            android:name="com.lostsidedead.acidcam.MainActivity"
36-->src/main/AndroidManifest.xml:10:15-43
37            android:label="Acid Cam Android"
37-->src/main/AndroidManifest.xml:11:9-41
38            android:parentActivityName="com.lostsidedead.acidcam.MainActivity" >
38-->src/main/AndroidManifest.xml:12:9-51
39            <meta-data
39-->src/main/AndroidManifest.xml:13:9-15:69
40                android:name="android.support.PARENT_ACTIVITY"
40-->src/main/AndroidManifest.xml:14:13-59
41                android:value="com.lostsidedead.acidcam.SessionStart" />
41-->src/main/AndroidManifest.xml:15:13-66
42        </activity>
43        <activity android:name="com.lostsidedead.acidcam.SessionStart" >
43-->src/main/AndroidManifest.xml:17:5-22:16
43-->src/main/AndroidManifest.xml:17:15-43
44            <intent-filter>
44-->src/main/AndroidManifest.xml:18:9-21:25
45                <action android:name="android.intent.action.MAIN" />
45-->src/main/AndroidManifest.xml:19:13-65
45-->src/main/AndroidManifest.xml:19:21-62
46
47                <category android:name="android.intent.category.LAUNCHER" />
47-->src/main/AndroidManifest.xml:20:13-73
47-->src/main/AndroidManifest.xml:20:23-70
48            </intent-filter>
49        </activity>
50    </application>
51
52</manifest>